<?xml version="1.0" encoding="UTF-8"?>
<!-- Generated by org.testng.reporters.JUnitReportReporter -->
<testsuite skipped="0" hostname="ROHINAIN02" name="loanexample.CarLoan" tests="1" failures="0" timestamp="17 Apr 2019 13:16:53 GMT" time="0.014" errors="0">
  <testcase name="carLoanAppium" time="0.014" classname="loanexample.CarLoan"/>
</testsuite> <!-- loanexample.CarLoan -->
