<?xml version="1.0" encoding="UTF-8"?>
<!-- Generated by org.testng.reporters.JUnitReportReporter -->
<testsuite skipped="0" hostname="ROHINAIN02" name="makeanorder.Login" tests="1" failures="0" timestamp="16 Apr 2019 10:10:56 GMT" time="18.154" errors="0">
  <testcase name="flow" time="18.154" classname="makeanorder.Login"/>
</testsuite> <!-- makeanorder.Login -->
