<?xml version="1.0" encoding="UTF-8"?>
<!-- Generated by org.testng.reporters.JUnitReportReporter -->
<testsuite skipped="0" hostname="ROHINAIN02" name="makeanorder.LandingPage" tests="1" failures="0" timestamp="16 Apr 2019 10:12:45 GMT" time="15.014" errors="0">
  <testcase name="flow" time="15.014" classname="makeanorder.LandingPage"/>
</testsuite> <!-- makeanorder.LandingPage -->
