<?xml version="1.0" encoding="UTF-8"?>
<!-- Generated by org.testng.reporters.JUnitReportReporter -->
<testsuite skipped="0" hostname="ROHINAIN02" name="makeanorder.HomePage" tests="1" failures="0" timestamp="25 Apr 2019 06:57:08 GMT" time="15.165" errors="0">
  <testcase name="flow" time="15.165" classname="makeanorder.HomePage"/>
</testsuite> <!-- makeanorder.HomePage -->
