<?xml version="1.0" encoding="UTF-8"?>
<!-- Generated by org.testng.reporters.JUnitReportReporter -->
<testsuite skipped="0" hostname="ROHINAIN02" name="firsttestngpackage.firsttestngfile" tests="1" failures="0" timestamp="17 Apr 2019 12:45:07 GMT" time="13.305" errors="0">
  <testcase name="verifyHomepageTitle" time="13.305" classname="firsttestngpackage.firsttestngfile"/>
</testsuite> <!-- firsttestngpackage.firsttestngfile -->
