<?xml version="1.0" encoding="UTF-8"?>
<!-- Generated by org.testng.reporters.JUnitReportReporter -->
<testsuite skipped="0" hostname="ROHINAIN02" name="secondtestngpackage.secondtestngfile" tests="1" failures="0" timestamp="17 Apr 2019 12:45:40 GMT" time="0.011" errors="0">
  <testcase name="verifyHomepageTitle" time="0.011" classname="secondtestngpackage.secondtestngfile"/>
</testsuite> <!-- secondtestngpackage.secondtestngfile -->
