<?xml version="1.0" encoding="UTF-8"?>
<!-- Generated by org.testng.reporters.JUnitReportReporter -->
<testsuite skipped="0" hostname="ROHINAIN02" name="loanexample.HomeLoan" tests="1" failures="0" timestamp="17 Apr 2019 13:16:53 GMT" time="0.001" errors="0">
  <testcase name="homeLoanAppium" time="0.001" classname="loanexample.HomeLoan"/>
</testsuite> <!-- loanexample.HomeLoan -->
